<?xml version="1.0" encoding="UTF-8"?>
<coverage generated="1723031658591" clover="3.2.0">
  <project timestamp="1723031658591" name="All files">
    <metrics statements="7" coveredstatements="5" conditionals="2" coveredconditionals="1" methods="1" coveredmethods="1" elements="10" coveredelements="7" complexity="0" loc="7" ncloc="7" packages="1" files="1" classes="1"/>
    <file name="script.js" path="C:\Users\melvi\OneDrive\Desktop\technical take home challenge\script.js">
      <metrics statements="7" coveredstatements="5" conditionals="2" coveredconditionals="1" methods="1" coveredmethods="1"/>
      <line num="1" count="1" type="stmt"/>
      <line num="14" count="12" type="stmt"/>
      <line num="15" count="12" type="cond" truecount="1" falsecount="1"/>
      <line num="17" count="0" type="stmt"/>
      <line num="18" count="0" type="stmt"/>
      <line num="22" count="12" type="stmt"/>
      <line num="26" count="1" type="stmt"/>
    </file>
  </project>
</coverage>
