{"C:\\Users\\melvi\\OneDrive\\Desktop\\technical take home challenge\\script.js": {"path":"C:\\Users\\melvi\\OneDrive\\Desktop\\technical take home challenge\\script.js","statementMap":{"0":{"start":{"line":1,"column":18},"end":{"line":11,"column":1}},"1":{"start":{"line":14,"column":4},"end":{"line":14,"column":77}},"2":{"start":{"line":15,"column":4},"end":{"line":23,"column":9}},"3":{"start":{"line":17,"column":8},"end":{"line":17,"column":70}},"4":{"start":{"line":18,"column":8},"end":{"line":18,"column":67}},"5":{"start":{"line":22,"column":8},"end":{"line":22,"column":43}},"6":{"start":{"line":26,"column":0},"end":{"line":26,"column":34}}},"fnMap":{"0":{"name":"convertColorCode","decl":{"start":{"line":13,"column":10},"end":{"line":13,"column":26}},"loc":{"start":{"line":13,"column":38},"end":{"line":24,"column":1}},"line":13}},"branchMap":{"0":{"loc":{"start":{"line":15,"column":4},"end":{"line":23,"column":9}},"type":"if","locations":[{"start":{"line":15,"column":4},"end":{"line":23,"column":9}},{"start":{"line":21,"column":8},"end":{"line":23,"column":9}}],"line":15}},"s":{"0":1,"1":12,"2":12,"3":0,"4":0,"5":12,"6":1},"f":{"0":12},"b":{"0":[0,12]},"_coverageSchema":"1a1c01bbd47fc00a2c39e90264f33305004495a9","hash":"4fd01137b194b24a1f799d35c5fbf962e5f00207"}
}
